[babycatgirl.finance/index.html]
[backblue.gif]
[fade.gif]
[index.html]
[babycatgirl.finance/BabyCG Icon-03.png]
[babycatgirl.finance/hello.css]
[babycatgirl.finance/_next/static/css/44e7987b939d333f9e07.css]
[babycatgirl.finance/_next/static/css/17597d3694d41727ad30.css]
[babycatgirl.finance/_next/static/chunks/polyfills-a40ef1678bae11e696dba45124eadd70.js]
[babycatgirl.finance/_next/static/chunks/webpack-f9978f8a7f8186f7127f.js]
[babycatgirl.finance/_next/static/chunks/framework-797e445d5c1eeaf950e4.js]
[babycatgirl.finance/_next/static/chunks/main-8f314cf484d4faab4517.js]
[babycatgirl.finance/_next/static/chunks/4c744e84-99b4ab0d6dc5f74adf2b.js]
[babycatgirl.finance/_next/static/chunks/pages/_app-34ebffdde22f2022b473.js]
[babycatgirl.finance/_next/static/chunks/8eec4907-554822bc8d29d514422c.js]
[babycatgirl.finance/_next/static/chunks/065a3ddb-18095daa716e3f6a27b9.js]
[babycatgirl.finance/_next/static/chunks/f36c6662-0025658815fa7820eaee.js]
[babycatgirl.finance/_next/static/chunks/a29ae703-dceae57293dd4b2727ea.js]
[babycatgirl.finance/_next/static/chunks/29107295-4ae28493d7b8169c990d.js]
[babycatgirl.finance/_next/static/chunks/562-c3fef1c5b01070afb682.js]
[babycatgirl.finance/_next/static/chunks/732-efeddc70cb0100f31f8e.js]
[babycatgirl.finance/_next/static/chunks/669-4403840fd3554a20b953.js]
[babycatgirl.finance/_next/static/chunks/432-5060662da8985cc181cb.js]
[babycatgirl.finance/_next/static/chunks/339-22523727779cdb09ead9.js]
[babycatgirl.finance/_next/static/Xk5m2T7DebeeWMfmY7p3_/_buildManifest.js]
[babycatgirl.finance/_next/static/Xk5m2T7DebeeWMfmY7p3_/_ssgManifest.js]
[unpkg.com/@lottiefiles/lottie-player@latest/dist/lottie-player.16.delayed]
[unpkg.com/@lottiefiles/lottie-player@1.4.5/dist/lottie-player.js]
[babycatgirl.finance/preloader.json]
[babycatgirl.finance/transparent.19.delayed]
[babycatgirl.finance/space2.png]
[babycatgirl.finance/Babycatgirl Logo Circle-01.png]
[babycatgirl.finance/BabyCatGirl_AuditReport_InterFi.pdf]
[babycatgirl.finance/Babycatgirl Logo Circle-02.png]
[babycatgirl.finance/Babycatgirl Logo Circle-03.png]
[babycatgirl.finance/maid3.png]
[babycatgirl.finance/whitepaper.pdf]
[babycatgirl.finance/images/paw-pattern1.svg]
[babycatgirl.finance/vide.mp4]
[babycatgirl.finance/index.html]
[babycatgirl.finance/hello.css]
[babycatgirl.finance/_next/static/media/poppins-devanagari-400-normal.4dcae97b127630752bc94b967393a36a.woff2]
[babycatgirl.finance/_next/static/media/poppins-all-400-normal.d9177076ce88015af78ac8dfc6b68ece.woff]
[babycatgirl.finance/_next/static/media/poppins-latin-ext-400-normal.53f1614b455b17c5650d5d0c56f2110c.woff2]
[babycatgirl.finance/_next/static/media/poppins-latin-400-normal.5b8f3ba886526963a788fb19c016bcee.woff2]
[babycatgirl.finance/_next/static/media/poppins-devanagari-500-normal.cdc211e470e4098da4ed5323ac91fc99.woff2]
[babycatgirl.finance/_next/static/media/poppins-all-500-normal.468213c1a9cf4ac0ed6bdf305d3c5b47.woff]
[babycatgirl.finance/_next/static/media/poppins-latin-ext-500-normal.64676cfe1b3697ce0aecf55f94473935.woff2]
[babycatgirl.finance/_next/static/media/poppins-latin-500-normal.dc16a3592fdb61b620cc43491f783eb7.woff2]
[babycatgirl.finance/_next/static/media/poppins-devanagari-600-normal.e897a1b2f5cfa6f78a4146036d51dd8b.woff2]
[babycatgirl.finance/_next/static/media/poppins-all-600-normal.69a5e00329a066e267e4d17024e79d1f.woff]
[babycatgirl.finance/_next/static/media/poppins-latin-ext-600-normal.ec1f0b8e8b7e04b135e6d14e50c09a63.woff2]
[babycatgirl.finance/_next/static/media/poppins-latin-600-normal.e49343f0bcfb860280ab61e01514eaa6.woff2]
[babycatgirl.finance/_next/static/media/poppins-devanagari-700-normal.370161f77f81c4e21d0f359133ce5a33.woff2]
[babycatgirl.finance/_next/static/media/poppins-all-700-normal.0a53cdc68b4438be7b7dd1433be62781.woff]
[babycatgirl.finance/_next/static/media/poppins-latin-ext-700-normal.ecb421af890e30ac490b00c5a9799949.woff2]
[babycatgirl.finance/_next/static/media/poppins-latin-700-normal.9690ce6275ddc5645cfa2d0162d2e309.woff2]
[babycatgirl.finance/_next/static/media/poppins-devanagari-800-normal.0a0a44a6d8507fa5c66b7d6bf91e1927.woff2]
[babycatgirl.finance/_next/static/media/poppins-all-800-normal.95a61b9129a00e0040a38b0786673d1b.woff]
[babycatgirl.finance/_next/static/media/poppins-latin-ext-800-normal.bc87eba973691fb5c676fbac3ae4daed.woff2]
[babycatgirl.finance/_next/static/media/poppins-latin-800-normal.8314fda16443ec0fff15723cea0f9524.woff2]
[babycatgirl.finance/_next/static/media/poppins-devanagari-900-normal.53f138f4ee8ccca43ecb84558623de6a.woff2]
[babycatgirl.finance/_next/static/media/poppins-all-900-normal.ffe8a18feeec75050565d1979dca4c41.woff]
[babycatgirl.finance/_next/static/media/poppins-latin-ext-900-normal.ae5bb0f99e32bac2a90932c772659e18.woff2]
[babycatgirl.finance/_next/static/media/poppins-latin-900-normal.52f874769ced349a3130a933ac021459.woff2]
[babycatgirl.finance/_next/static/media/nunito-sans-vietnamese-300-normal.cb7a37e361f3a880369d8b85479e3672.woff2]
[babycatgirl.finance/_next/static/media/nunito-sans-all-300-normal.4b945c8fef5a37961b15e67cff507412.woff]
[babycatgirl.finance/_next/static/media/nunito-sans-latin-ext-300-normal.19bc07638ed2c93f8c3ff8db17e4a925.woff2]
[babycatgirl.finance/_next/static/media/nunito-sans-latin-300-normal.6ff3f27a0b5ea6eee35ae01bf2e00599.woff2]
[babycatgirl.finance/_next/static/media/nunito-sans-vietnamese-400-normal.5eb085147b9ad1457abe48c7c501438c.woff2]
[babycatgirl.finance/_next/static/media/nunito-sans-all-400-normal.94b1e20a5e83fe652d15ba891d5bd210.woff]
[babycatgirl.finance/_next/static/media/nunito-sans-latin-ext-400-normal.7b3dcde89d922ccc0997fd30dd3db48c.woff2]
[babycatgirl.finance/_next/static/media/nunito-sans-latin-400-normal.0d4c40ade358c08c4ead1c75c178e97a.woff2]
[babycatgirl.finance/_next/static/media/nunito-sans-vietnamese-600-normal.0e7109691481b5494b30b9bc924ab7fa.woff2]
[babycatgirl.finance/_next/static/media/nunito-sans-all-600-normal.05e83112d167b544114ee034c524514f.woff]
[babycatgirl.finance/_next/static/media/nunito-sans-latin-ext-600-normal.09598545b071a1e5834b8a80d1e61900.woff2]
[babycatgirl.finance/_next/static/media/nunito-sans-latin-600-normal.68ce720014e3a9355da8cb40d4af6f5d.woff2]
[babycatgirl.finance/_next/static/media/nunito-sans-vietnamese-700-normal.2e6064fc007d97909edad782a9dc2172.woff2]
[babycatgirl.finance/_next/static/media/nunito-sans-all-700-normal.717fd068546ae733265c5ebb94365c4a.woff]
[babycatgirl.finance/_next/static/media/nunito-sans-latin-ext-700-normal.198e5ad5331509caef11f92bb50612ff.woff2]
[babycatgirl.finance/_next/static/media/nunito-sans-latin-700-normal.c04dce0cebce073d13effbaa261ced4a.woff2]
[babycatgirl.finance/_next/static/media/nunito-sans-vietnamese-800-normal.88b547adbcb6339f99fe5b1e48bc3f68.woff2]
[babycatgirl.finance/_next/static/media/nunito-sans-all-800-normal.fa4c3f567380c9ab67ced6042541ee50.woff]
[babycatgirl.finance/_next/static/media/nunito-sans-latin-ext-800-normal.2f2490ca745292ff275ae6316abc93cb.woff2]
[babycatgirl.finance/_next/static/media/nunito-sans-latin-800-normal.0cd64a02d295cb849356212308c5d4e0.woff2]
[babycatgirl.finance/_next/static/media/nunito-sans-vietnamese-900-normal.706cc5277e49426a58562c246300ca78.woff2]
[babycatgirl.finance/_next/static/media/nunito-sans-all-900-normal.269c52c244323cbf4e3928b57b0fc373.woff]
[babycatgirl.finance/_next/static/media/nunito-sans-latin-ext-900-normal.fe53fa8accf3e719b1be907832e8a10b.woff2]
[babycatgirl.finance/_next/static/media/nunito-sans-latin-900-normal.85ae62c1d9e72b6be89a9e39218b14e5.woff2]
[babycatgirl.finance/_next/static/media/roboto-slab-cyrillic-ext-700-normal.cbbe588e96d05869fcd50704f81b7d01.woff2]
[babycatgirl.finance/_next/static/media/roboto-slab-all-700-normal.2047661c2dba27ed49950ce5f4abd2e3.woff]
[babycatgirl.finance/_next/static/media/roboto-slab-cyrillic-700-normal.fd8abbc5cc0d916734e8666b8948b23f.woff2]
[babycatgirl.finance/_next/static/media/roboto-slab-greek-ext-700-normal.d3d7fa29a0630fe48265fd48504c38de.woff2]
[babycatgirl.finance/_next/static/media/roboto-slab-greek-700-normal.30c8ca84658a304564d2ac79cceb1cbd.woff2]
[babycatgirl.finance/_next/static/media/roboto-slab-vietnamese-700-normal.aa6bb6d35fef27eb7c89a0e96a3cd2ca.woff2]
[babycatgirl.finance/_next/static/media/roboto-slab-latin-ext-700-normal.0eb00170448891c869e4ed032002ea71.woff2]
[babycatgirl.finance/_next/static/media/roboto-slab-latin-700-normal.ae7afc89af2cefc40aa02e6c49301f71.woff2]
[babycatgirl.finance/_next/static/css/44e7987b939d333f9e07.css]
[babycatgirl.finance/_next/static/media/ajax-loader.fb6f3c230cb846e25247dfaa1da94d8f.gif]
[babycatgirl.finance/_next/static/media/slick.a4e97f5a2a64f0ab132323fbeb33ae29.eot]
[babycatgirl.finance/_next/static/media/slick.a4e97f5a2a64f0ab132323fbeb33ae29d41dd41d.eot]
[babycatgirl.finance/_next/static/media/slick.295183786cd8a138986521d9f388a286.woff]
[babycatgirl.finance/_next/static/media/slick.c94f7671dcc99dce43e22a89f486f7c2.ttf]
[babycatgirl.finance/_next/static/css/17597d3694d41727ad30.css]
[babycatgirl.finance/transparent.html]
[babycatgirl.finance/images/slant.svg]
[babycatgirl.finance/images/paw-pattern1.svg]
[babycatgirl.finance/web.svg]
[babycatgirl.finance/_next/static/media/slick.2630a3e3eab21c607e21576571b95b9d.svg]
[babycatgirl.finance/_next/static/media/slick.2630a3e3eab21c607e21576571b95b9d.svg]
